<?xml version="1.0" encoding="UTF-8"?>
<testsuites name="jest tests" tests="21" failures="0" errors="0" time="1.734">
  <testsuite name="src\__tests__\types\profile.test.ts" errors="0" failures="0" skipped="0" timestamp="2025-10-12T08:03:15" time="1.62" tests="21">
    <testcase classname="Profile Type Validation › validateDietaryRestriction" name="should return no errors for valid dietary restriction" time="0.002">
    </testcase>
    <testcase classname="Profile Type Validation › validateDietaryRestriction" name="should return error for missing name" time="0.001">
    </testcase>
    <testcase classname="Profile Type Validation › validateDietaryRestriction" name="should return error for empty name" time="0">
    </testcase>
    <testcase classname="Profile Type Validation › validateDietaryRestriction" name="should return error for name too long" time="0">
    </testcase>
    <testcase classname="Profile Type Validation › validateDietaryRestriction" name="should return error for invalid allergen type" time="0">
    </testcase>
    <testcase classname="Profile Type Validation › validateDietaryRestriction" name="should return error for invalid severity level" time="0.001">
    </testcase>
    <testcase classname="Profile Type Validation › validateDietaryRestriction" name="should return error for notes too long" time="0">
    </testcase>
    <testcase classname="Profile Type Validation › validateDietaryRestriction" name="should return multiple errors for multiple invalid fields" time="0">
    </testcase>
    <testcase classname="Profile Type Validation › validateSeverityLevel" name="should return true for valid severity levels" time="0">
    </testcase>
    <testcase classname="Profile Type Validation › validateSeverityLevel" name="should return false for invalid severity level" time="0.001">
    </testcase>
    <testcase classname="Profile Type Validation › validateAllergenType" name="should return true for valid allergen types" time="0">
    </testcase>
    <testcase classname="Profile Type Validation › validateAllergenType" name="should return false for invalid allergen type" time="0">
    </testcase>
    <testcase classname="Profile Type Validation › createDietaryRestriction" name="should create dietary restriction with defaults" time="0.001">
    </testcase>
    <testcase classname="Profile Type Validation › createDietaryRestriction" name="should create dietary restriction with custom values" time="0.001">
    </testcase>
    <testcase classname="Profile Type Validation › createDietaryRestriction" name="should trim whitespace from name and notes" time="0">
    </testcase>
    <testcase classname="Profile Type Validation › getSeverityDisplayName" name="should return correct display names" time="0">
    </testcase>
    <testcase classname="Profile Type Validation › getSeverityDisplayName" name="should return Unknown for invalid severity" time="0.001">
    </testcase>
    <testcase classname="Profile Type Validation › getAllergenDisplayName" name="should return correct display names" time="0">
    </testcase>
    <testcase classname="Profile Type Validation › getAllergenDisplayName" name="should return Unknown for invalid allergen type" time="0">
    </testcase>
    <testcase classname="Profile Type Validation › getSeverityColor" name="should return correct colors for severity levels" time="0">
    </testcase>
    <testcase classname="Profile Type Validation › getSeverityColor" name="should return gray for invalid severity" time="0">
    </testcase>
  </testsuite>
</testsuites>