<?xml version="1.0" encoding="UTF-8"?>
<testsuites name="jest tests" tests="27" failures="0" errors="0" time="1.25">
  <testsuite name="__tests__\cross-platform\UIConsistency.test.tsx" errors="0" failures="0" skipped="0" timestamp="2025-10-12T01:19:23" time="1.178" tests="27">
    <testcase classname="UI Consistency Tests › Component Styling Consistency" name="should apply platform-specific styles correctly" time="0.002">
    </testcase>
    <testcase classname="UI Consistency Tests › Component Styling Consistency" name="should handle button styling consistently" time="0.421">
    </testcase>
    <testcase classname="UI Consistency Tests › Component Styling Consistency" name="should handle card styling consistently" time="0.003">
    </testcase>
    <testcase classname="UI Consistency Tests › Layout Consistency" name="should handle flexbox layouts consistently" time="0">
    </testcase>
    <testcase classname="UI Consistency Tests › Layout Consistency" name="should handle safe area layouts consistently" time="0">
    </testcase>
    <testcase classname="UI Consistency Tests › Layout Consistency" name="should handle responsive layouts consistently" time="0">
    </testcase>
    <testcase classname="UI Consistency Tests › Touch Interaction Consistency" name="should handle touch feedback consistently" time="0.001">
    </testcase>
    <testcase classname="UI Consistency Tests › Touch Interaction Consistency" name="should handle gesture recognition consistently" time="0.002">
    </testcase>
    <testcase classname="UI Consistency Tests › Touch Interaction Consistency" name="should handle long press consistently" time="0">
    </testcase>
    <testcase classname="UI Consistency Tests › Typography Consistency" name="should handle font families consistently" time="0.001">
    </testcase>
    <testcase classname="UI Consistency Tests › Typography Consistency" name="should handle text scaling consistently" time="0">
    </testcase>
    <testcase classname="UI Consistency Tests › Typography Consistency" name="should handle text alignment consistently" time="0.001">
    </testcase>
    <testcase classname="UI Consistency Tests › Color and Theme Consistency" name="should handle color schemes consistently" time="0">
    </testcase>
    <testcase classname="UI Consistency Tests › Color and Theme Consistency" name="should handle theme switching consistently" time="0">
    </testcase>
    <testcase classname="UI Consistency Tests › Color and Theme Consistency" name="should handle system theme detection consistently" time="0.001">
    </testcase>
    <testcase classname="UI Consistency Tests › Animation Consistency" name="should handle animation timing consistently" time="0">
    </testcase>
    <testcase classname="UI Consistency Tests › Animation Consistency" name="should handle transition animations consistently" time="0">
    </testcase>
    <testcase classname="UI Consistency Tests › Animation Consistency" name="should handle loading animations consistently" time="0.002">
    </testcase>
    <testcase classname="UI Consistency Tests › Component State Consistency" name="should handle component mounting consistently" time="0.001">
    </testcase>
    <testcase classname="UI Consistency Tests › Component State Consistency" name="should handle component updates consistently" time="0.001">
    </testcase>
    <testcase classname="UI Consistency Tests › Component State Consistency" name="should handle error states consistently" time="0.002">
    </testcase>
    <testcase classname="UI Consistency Tests › Offline Banner Consistency" name="should render offline banner consistently" time="0.001">
    </testcase>
    <testcase classname="UI Consistency Tests › Offline Banner Consistency" name="should handle visibility changes consistently" time="0.001">
    </testcase>
    <testcase classname="UI Consistency Tests › Loading Screen Consistency" name="should render loading screen consistently" time="0.001">
    </testcase>
    <testcase classname="UI Consistency Tests › Loading Screen Consistency" name="should handle message updates consistently" time="0.001">
    </testcase>
    <testcase classname="UI Consistency Tests › Error Boundary Consistency" name="should handle errors consistently across platforms" time="0.001">
    </testcase>
    <testcase classname="UI Consistency Tests › Error Boundary Consistency" name="should provide consistent error recovery" time="0.001">
    </testcase>
  </testsuite>
</testsuites>