<?xml version="1.0" encoding="UTF-8"?>
<testsuites name="jest tests" tests="2" failures="0" errors="0" time="130.283">
  <testsuite name="__tests__/App.test.tsx" errors="0" failures="0" skipped="0" timestamp="2025-10-11T23:09:12" time="125.855" tests="2">
    <testcase classname="App" name="should render without crashing" time="13.61">
    </testcase>
    <testcase classname="App" name="should render navigation container" time="0.012">
    </testcase>
  </testsuite>
</testsuites>